mode: set
github.com/re-cinq/detergent/internal/fileutil/fileutil.go:10.35,12.2 1 0
github.com/re-cinq/detergent/internal/fileutil/fileutil.go:15.51,17.2 1 0
github.com/re-cinq/detergent/internal/fileutil/fileutil.go:20.53,22.16 2 0
github.com/re-cinq/detergent/internal/fileutil/fileutil.go:22.16,24.3 1 0
github.com/re-cinq/detergent/internal/fileutil/fileutil.go:25.2,25.54 1 0
github.com/re-cinq/detergent/internal/fileutil/paths.go:6.53,8.2 1 0
github.com/re-cinq/detergent/internal/fileutil/paths.go:11.39,13.2 1 0
github.com/re-cinq/detergent/internal/fileutil/paths.go:16.52,18.2 1 0
github.com/re-cinq/detergent/cmd/detergent/main.go:9.13,10.38 1 0
github.com/re-cinq/detergent/cmd/detergent/main.go:10.38,12.3 1 0
github.com/re-cinq/detergent/internal/git/git.go:18.32,20.2 1 0
github.com/re-cinq/detergent/internal/git/git.go:23.52,27.16 4 0
github.com/re-cinq/detergent/internal/git/git.go:27.16,29.3 1 0
github.com/re-cinq/detergent/internal/git/git.go:30.2,30.44 1 0
github.com/re-cinq/detergent/internal/git/git.go:34.58,36.2 1 0
github.com/re-cinq/detergent/internal/git/git.go:39.49,42.2 2 0
github.com/re-cinq/detergent/internal/git/git.go:45.54,48.2 2 0
github.com/re-cinq/detergent/internal/git/git.go:51.58,54.2 2 0
github.com/re-cinq/detergent/internal/git/git.go:58.66,60.16 2 0
github.com/re-cinq/detergent/internal/git/git.go:60.16,62.3 1 0
github.com/re-cinq/detergent/internal/git/git.go:62.8,64.3 1 0
github.com/re-cinq/detergent/internal/git/git.go:65.2,66.16 2 0
github.com/re-cinq/detergent/internal/git/git.go:66.16,68.3 1 0
github.com/re-cinq/detergent/internal/git/git.go:69.2,69.15 1 0
github.com/re-cinq/detergent/internal/git/git.go:69.15,71.3 1 0
github.com/re-cinq/detergent/internal/git/git.go:72.2,72.38 1 0
github.com/re-cinq/detergent/internal/git/git.go:76.59,78.2 1 0
github.com/re-cinq/detergent/internal/git/git.go:81.59,83.2 1 0
github.com/re-cinq/detergent/internal/git/git.go:86.54,89.2 2 0
github.com/re-cinq/detergent/internal/git/git.go:94.33,95.56 1 0
github.com/re-cinq/detergent/internal/git/git.go:95.56,97.3 1 0
github.com/re-cinq/detergent/internal/git/git.go:98.2,98.57 1 0
github.com/re-cinq/detergent/internal/git/git.go:98.57,100.3 1 0
github.com/re-cinq/detergent/internal/git/git.go:104.69,106.2 1 0
github.com/re-cinq/detergent/internal/git/git.go:109.43,111.16 2 0
github.com/re-cinq/detergent/internal/git/git.go:111.16,113.3 1 0
github.com/re-cinq/detergent/internal/git/git.go:114.2,114.42 1 0
github.com/re-cinq/detergent/internal/git/git.go:118.33,121.2 2 0
github.com/re-cinq/detergent/internal/git/git.go:124.45,127.2 2 0
github.com/re-cinq/detergent/internal/git/git.go:130.44,133.2 2 0
github.com/re-cinq/detergent/internal/git/git.go:137.50,144.16 5 0
github.com/re-cinq/detergent/internal/git/git.go:144.16,154.22 5 0
github.com/re-cinq/detergent/internal/git/git.go:154.22,156.4 1 0
github.com/re-cinq/detergent/internal/git/git.go:159.2,159.12 1 0
github.com/re-cinq/detergent/internal/config/config.go:39.75,41.38 2 0
github.com/re-cinq/detergent/internal/config/config.go:41.38,43.3 1 0
github.com/re-cinq/detergent/internal/config/config.go:44.2,45.16 2 0
github.com/re-cinq/detergent/internal/config/config.go:45.16,47.3 1 0
github.com/re-cinq/detergent/internal/config/config.go:48.2,49.12 2 0
github.com/re-cinq/detergent/internal/config/config.go:52.44,54.2 1 0
github.com/re-cinq/detergent/internal/config/config.go:62.41,64.16 2 0
github.com/re-cinq/detergent/internal/config/config.go:64.16,66.3 1 0
github.com/re-cinq/detergent/internal/config/config.go:68.2,68.20 1 0
github.com/re-cinq/detergent/internal/config/config.go:71.42,73.51 2 0
github.com/re-cinq/detergent/internal/config/config.go:73.51,75.3 1 0
github.com/re-cinq/detergent/internal/config/config.go:77.2,77.37 1 0
github.com/re-cinq/detergent/internal/config/config.go:77.37,79.3 1 0
github.com/re-cinq/detergent/internal/config/config.go:80.2,80.36 1 0
github.com/re-cinq/detergent/internal/config/config.go:80.36,82.3 1 0
github.com/re-cinq/detergent/internal/config/config.go:83.2,83.32 1 0
github.com/re-cinq/detergent/internal/config/config.go:83.32,85.3 1 0
github.com/re-cinq/detergent/internal/config/config.go:90.2,90.30 1 0
github.com/re-cinq/detergent/internal/config/config.go:90.30,91.36 1 0
github.com/re-cinq/detergent/internal/config/config.go:91.36,92.14 1 0
github.com/re-cinq/detergent/internal/config/config.go:92.14,94.5 1 0
github.com/re-cinq/detergent/internal/config/config.go:94.10,96.5 1 0
github.com/re-cinq/detergent/internal/config/config.go:100.2,100.18 1 0
github.com/re-cinq/detergent/internal/config/config.go:103.36,106.29 2 0
github.com/re-cinq/detergent/internal/config/config.go:106.29,108.3 1 0
github.com/re-cinq/detergent/internal/config/config.go:110.2,110.28 1 0
github.com/re-cinq/detergent/internal/config/config.go:110.28,112.3 1 0
github.com/re-cinq/detergent/internal/config/config.go:114.2,115.33 2 0
github.com/re-cinq/detergent/internal/config/config.go:115.33,116.19 1 0
github.com/re-cinq/detergent/internal/config/config.go:116.19,118.4 1 0
github.com/re-cinq/detergent/internal/config/config.go:118.9,118.27 1 0
github.com/re-cinq/detergent/internal/config/config.go:118.27,120.4 1 0
github.com/re-cinq/detergent/internal/config/config.go:120.9,122.4 1 0
github.com/re-cinq/detergent/internal/config/config.go:124.3,124.21 1 0
github.com/re-cinq/detergent/internal/config/config.go:124.21,126.4 1 0
github.com/re-cinq/detergent/internal/config/config.go:129.2,129.61 1 0
github.com/re-cinq/detergent/internal/config/config.go:129.61,131.3 1 0
github.com/re-cinq/detergent/internal/config/config.go:133.2,133.13 1 0
github.com/re-cinq/detergent/internal/config/config.go:136.45,139.29 2 0
github.com/re-cinq/detergent/internal/config/config.go:139.29,141.3 1 0
github.com/re-cinq/detergent/internal/config/config.go:146.2,147.29 2 0
github.com/re-cinq/detergent/internal/config/config.go:147.29,148.25 1 0
github.com/re-cinq/detergent/internal/config/config.go:148.25,150.4 1 0
github.com/re-cinq/detergent/internal/config/config.go:154.2,162.34 4 0
github.com/re-cinq/detergent/internal/config/config.go:162.34,164.33 2 0
github.com/re-cinq/detergent/internal/config/config.go:164.33,165.26 1 0
github.com/re-cinq/detergent/internal/config/config.go:165.26,167.5 1 0
github.com/re-cinq/detergent/internal/config/config.go:168.4,168.27 1 0
github.com/re-cinq/detergent/internal/config/config.go:168.27,169.38 1 0
github.com/re-cinq/detergent/internal/config/config.go:169.38,171.6 1 0
github.com/re-cinq/detergent/internal/config/config.go:174.3,175.13 2 0
github.com/re-cinq/detergent/internal/config/config.go:178.2,178.29 1 0
github.com/re-cinq/detergent/internal/config/config.go:178.29,179.29 1 0
github.com/re-cinq/detergent/internal/config/config.go:179.29,180.40 1 0
github.com/re-cinq/detergent/internal/config/config.go:180.40,182.5 1 0
github.com/re-cinq/detergent/internal/config/config.go:186.2,186.12 1 0
github.com/re-cinq/detergent/internal/config/config.go:190.49,191.33 1 0
github.com/re-cinq/detergent/internal/config/config.go:191.33,192.21 1 0
github.com/re-cinq/detergent/internal/config/config.go:192.21,194.4 1 0
github.com/re-cinq/detergent/internal/config/config.go:196.2,196.14 1 0
github.com/re-cinq/detergent/internal/config/config.go:200.59,201.27 1 0
github.com/re-cinq/detergent/internal/config/config.go:201.27,203.3 1 0
github.com/re-cinq/detergent/internal/config/config.go:204.2,204.12 1 0
github.com/re-cinq/detergent/internal/config/config.go:208.51,210.33 2 0
github.com/re-cinq/detergent/internal/config/config.go:210.33,212.3 1 0
github.com/re-cinq/detergent/internal/config/config.go:213.2,213.16 1 0
github.com/re-cinq/detergent/internal/config/config.go:219.61,222.33 3 0
github.com/re-cinq/detergent/internal/config/config.go:222.33,223.25 1 0
github.com/re-cinq/detergent/internal/config/config.go:223.25,225.4 1 0
github.com/re-cinq/detergent/internal/config/config.go:227.2,227.19 1 0
github.com/re-cinq/detergent/internal/config/config.go:232.41,235.33 3 0
github.com/re-cinq/detergent/internal/config/config.go:235.33,236.26 1 0
github.com/re-cinq/detergent/internal/config/config.go:236.26,238.4 1 0
github.com/re-cinq/detergent/internal/config/config.go:240.2,240.14 1 0
github.com/re-cinq/detergent/internal/engine/engine.go:28.34,32.2 1 0
github.com/re-cinq/detergent/internal/engine/engine.go:36.72,40.40 3 0
github.com/re-cinq/detergent/internal/engine/engine.go:40.40,42.3 1 0
github.com/re-cinq/detergent/internal/engine/engine.go:44.2,46.16 3 0
github.com/re-cinq/detergent/internal/engine/engine.go:46.16,48.3 1 0
github.com/re-cinq/detergent/internal/engine/engine.go:50.2,51.15 2 0
github.com/re-cinq/detergent/internal/engine/engine.go:55.65,60.40 3 0
github.com/re-cinq/detergent/internal/engine/engine.go:60.40,63.3 2 0
github.com/re-cinq/detergent/internal/engine/engine.go:65.2,67.16 3 0
github.com/re-cinq/detergent/internal/engine/engine.go:67.16,69.3 1 0
github.com/re-cinq/detergent/internal/engine/engine.go:71.2,72.12 2 0
github.com/re-cinq/detergent/internal/engine/engine.go:76.23,78.2 1 0
github.com/re-cinq/detergent/internal/engine/engine.go:81.44,83.2 1 0
github.com/re-cinq/detergent/internal/engine/engine.go:86.37,91.32 4 0
github.com/re-cinq/detergent/internal/engine/engine.go:91.32,92.54 1 0
github.com/re-cinq/detergent/internal/engine/engine.go:92.54,94.4 1 0
github.com/re-cinq/detergent/internal/engine/engine.go:96.2,97.17 2 0
github.com/re-cinq/detergent/internal/engine/engine.go:104.56,108.2 3 0
github.com/re-cinq/detergent/internal/engine/engine.go:112.82,113.27 1 0
github.com/re-cinq/detergent/internal/engine/engine.go:113.27,116.3 2 0
github.com/re-cinq/detergent/internal/engine/engine.go:117.2,117.14 1 0
github.com/re-cinq/detergent/internal/engine/engine.go:121.148,122.70 1 0
github.com/re-cinq/detergent/internal/engine/engine.go:122.70,125.3 2 0
github.com/re-cinq/detergent/internal/engine/engine.go:130.84,133.33 2 0
github.com/re-cinq/detergent/internal/engine/engine.go:133.33,135.3 1 0
github.com/re-cinq/detergent/internal/engine/engine.go:136.2,144.31 6 0
github.com/re-cinq/detergent/internal/engine/engine.go:144.31,145.22 1 0
github.com/re-cinq/detergent/internal/engine/engine.go:145.22,148.46 2 0
github.com/re-cinq/detergent/internal/engine/engine.go:148.46,150.5 1 0
github.com/re-cinq/detergent/internal/engine/engine.go:151.9,154.28 2 0
github.com/re-cinq/detergent/internal/engine/engine.go:154.28,155.46 1 0
github.com/re-cinq/detergent/internal/engine/engine.go:155.46,156.14 1 0
github.com/re-cinq/detergent/internal/engine/engine.go:158.5,159.37 2 0
github.com/re-cinq/detergent/internal/engine/engine.go:159.37,162.6 2 0
github.com/re-cinq/detergent/internal/engine/engine.go:164.4,164.13 1 0
github.com/re-cinq/detergent/internal/engine/engine.go:167.2,167.12 1 0
github.com/re-cinq/detergent/internal/engine/engine.go:175.38,179.2 3 0
github.com/re-cinq/detergent/internal/engine/engine.go:181.43,185.2 3 0
github.com/re-cinq/detergent/internal/engine/engine.go:199.72,202.2 1 0
github.com/re-cinq/detergent/internal/engine/engine.go:204.126,210.16 4 0
github.com/re-cinq/detergent/internal/engine/engine.go:210.16,212.3 1 0
github.com/re-cinq/detergent/internal/engine/engine.go:215.2,216.16 2 0
github.com/re-cinq/detergent/internal/engine/engine.go:216.16,218.3 1 0
github.com/re-cinq/detergent/internal/engine/engine.go:219.2,219.22 1 0
github.com/re-cinq/detergent/internal/engine/engine.go:219.22,223.3 2 0
github.com/re-cinq/detergent/internal/engine/engine.go:226.2,227.63 2 0
github.com/re-cinq/detergent/internal/engine/engine.go:227.63,229.66 1 0
github.com/re-cinq/detergent/internal/engine/engine.go:229.66,231.4 1 0
github.com/re-cinq/detergent/internal/engine/engine.go:232.3,233.13 2 0
github.com/re-cinq/detergent/internal/engine/engine.go:237.2,252.38 4 0
github.com/re-cinq/detergent/internal/engine/engine.go:252.38,253.72 1 0
github.com/re-cinq/detergent/internal/engine/engine.go:253.72,255.4 1 0
github.com/re-cinq/detergent/internal/engine/engine.go:259.2,260.51 2 0
github.com/re-cinq/detergent/internal/engine/engine.go:260.51,261.66 1 0
github.com/re-cinq/detergent/internal/engine/engine.go:261.66,263.4 1 0
github.com/re-cinq/detergent/internal/engine/engine.go:264.3,264.67 1 0
github.com/re-cinq/detergent/internal/engine/engine.go:264.67,266.4 1 0
github.com/re-cinq/detergent/internal/engine/engine.go:271.2,271.62 1 0
github.com/re-cinq/detergent/internal/engine/engine.go:271.62,273.3 1 0
github.com/re-cinq/detergent/internal/engine/engine.go:276.2,277.16 2 0
github.com/re-cinq/detergent/internal/engine/engine.go:277.16,279.3 1 0
github.com/re-cinq/detergent/internal/engine/engine.go:282.2,282.61 1 0
github.com/re-cinq/detergent/internal/engine/engine.go:282.61,284.3 1 0
github.com/re-cinq/detergent/internal/engine/engine.go:287.2,288.16 2 0
github.com/re-cinq/detergent/internal/engine/engine.go:288.16,290.3 1 0
github.com/re-cinq/detergent/internal/engine/engine.go:293.2,294.55 2 0
github.com/re-cinq/detergent/internal/engine/engine.go:294.55,296.3 1 0
github.com/re-cinq/detergent/internal/engine/engine.go:299.2,304.16 4 0
github.com/re-cinq/detergent/internal/engine/engine.go:304.16,306.3 1 0
github.com/re-cinq/detergent/internal/engine/engine.go:309.2,309.67 1 0
github.com/re-cinq/detergent/internal/engine/engine.go:309.67,311.3 1 0
github.com/re-cinq/detergent/internal/engine/engine.go:315.2,316.16 2 0
github.com/re-cinq/detergent/internal/engine/engine.go:316.16,318.3 1 0
github.com/re-cinq/detergent/internal/engine/engine.go:319.2,319.35 1 0
github.com/re-cinq/detergent/internal/engine/engine.go:319.35,321.56 2 0
github.com/re-cinq/detergent/internal/engine/engine.go:321.56,323.4 1 0
github.com/re-cinq/detergent/internal/engine/engine.go:327.2,331.16 3 0
github.com/re-cinq/detergent/internal/engine/engine.go:331.16,333.3 1 0
github.com/re-cinq/detergent/internal/engine/engine.go:335.2,335.14 1 0
github.com/re-cinq/detergent/internal/engine/engine.go:335.14,339.32 3 0
github.com/re-cinq/detergent/internal/engine/engine.go:339.32,341.4 1 0
github.com/re-cinq/detergent/internal/engine/engine.go:345.2,345.65 1 0
github.com/re-cinq/detergent/internal/engine/engine.go:345.65,347.3 1 0
github.com/re-cinq/detergent/internal/engine/engine.go:350.2,351.13 2 0
github.com/re-cinq/detergent/internal/engine/engine.go:351.13,353.3 1 0
github.com/re-cinq/detergent/internal/engine/engine.go:354.2,356.12 2 0
github.com/re-cinq/detergent/internal/engine/engine.go:360.56,362.23 2 0
github.com/re-cinq/detergent/internal/engine/engine.go:362.23,364.3 1 0
github.com/re-cinq/detergent/internal/engine/engine.go:365.2,365.11 1 0
github.com/re-cinq/detergent/internal/engine/engine.go:383.63,395.2 2 0
github.com/re-cinq/detergent/internal/engine/engine.go:398.97,406.2 1 0
github.com/re-cinq/detergent/internal/engine/engine.go:409.95,417.2 1 0
github.com/re-cinq/detergent/internal/engine/engine.go:420.93,428.2 1 0
github.com/re-cinq/detergent/internal/engine/engine.go:431.108,441.2 1 0
github.com/re-cinq/detergent/internal/engine/engine.go:444.70,451.2 1 0
github.com/re-cinq/detergent/internal/engine/engine.go:454.112,464.2 1 0
github.com/re-cinq/detergent/internal/engine/engine.go:467.73,473.2 1 0
github.com/re-cinq/detergent/internal/engine/engine.go:476.63,479.2 2 0
github.com/re-cinq/detergent/internal/engine/engine.go:482.125,485.2 2 0
github.com/re-cinq/detergent/internal/engine/engine.go:487.78,489.33 1 0
github.com/re-cinq/detergent/internal/engine/engine.go:489.33,490.32 1 0
github.com/re-cinq/detergent/internal/engine/engine.go:490.32,492.4 1 0
github.com/re-cinq/detergent/internal/engine/engine.go:495.2,495.24 1 0
github.com/re-cinq/detergent/internal/engine/engine.go:500.103,501.31 1 0
github.com/re-cinq/detergent/internal/engine/engine.go:501.31,503.17 2 0
github.com/re-cinq/detergent/internal/engine/engine.go:503.17,505.4 1 0
github.com/re-cinq/detergent/internal/engine/engine.go:506.3,506.39 1 0
github.com/re-cinq/detergent/internal/engine/engine.go:506.39,508.4 1 0
github.com/re-cinq/detergent/internal/engine/engine.go:510.2,510.12 1 0
github.com/re-cinq/detergent/internal/engine/engine.go:513.124,515.16 2 0
github.com/re-cinq/detergent/internal/engine/engine.go:515.16,517.3 1 0
github.com/re-cinq/detergent/internal/engine/engine.go:521.2,530.73 8 0
github.com/re-cinq/detergent/internal/engine/engine.go:530.73,531.38 1 0
github.com/re-cinq/detergent/internal/engine/engine.go:531.38,533.4 1 0
github.com/re-cinq/detergent/internal/engine/engine.go:534.3,539.31 4 0
github.com/re-cinq/detergent/internal/engine/engine.go:539.31,541.4 1 0
github.com/re-cinq/detergent/internal/engine/engine.go:542.3,542.13 1 0
github.com/re-cinq/detergent/internal/engine/engine.go:544.2,544.16 1 0
github.com/re-cinq/detergent/internal/engine/engine.go:544.16,546.3 1 0
github.com/re-cinq/detergent/internal/engine/engine.go:548.2,548.25 1 0
github.com/re-cinq/detergent/internal/engine/engine.go:551.91,554.73 2 0
github.com/re-cinq/detergent/internal/engine/engine.go:554.73,556.3 1 0
github.com/re-cinq/detergent/internal/engine/engine.go:557.2,560.28 2 0
github.com/re-cinq/detergent/internal/engine/engine.go:560.28,561.72 1 0
github.com/re-cinq/detergent/internal/engine/engine.go:561.72,563.4 1 0
github.com/re-cinq/detergent/internal/engine/engine.go:568.2,581.16 5 0
github.com/re-cinq/detergent/internal/engine/engine.go:581.16,583.3 1 0
github.com/re-cinq/detergent/internal/engine/engine.go:584.2,590.36 5 0
github.com/re-cinq/detergent/internal/engine/engine.go:590.36,593.3 2 0
github.com/re-cinq/detergent/internal/engine/engine.go:594.2,597.49 2 0
github.com/re-cinq/detergent/internal/engine/engine.go:597.49,599.64 2 0
github.com/re-cinq/detergent/internal/engine/engine.go:599.64,601.4 1 0
github.com/re-cinq/detergent/internal/engine/engine.go:604.2,604.19 1 0
github.com/re-cinq/detergent/internal/engine/engine.go:609.76,611.54 2 0
github.com/re-cinq/detergent/internal/engine/engine.go:611.54,613.3 1 0
github.com/re-cinq/detergent/internal/engine/engine.go:615.2,618.91 2 0
github.com/re-cinq/detergent/internal/engine/engine.go:621.98,625.16 3 0
github.com/re-cinq/detergent/internal/engine/engine.go:625.16,627.3 1 0
github.com/re-cinq/detergent/internal/engine/engine.go:628.2,628.17 1 0
github.com/re-cinq/detergent/internal/engine/engine.go:628.17,630.3 1 0
github.com/re-cinq/detergent/internal/engine/engine.go:632.2,632.40 1 0
github.com/re-cinq/detergent/internal/engine/engine.go:632.40,634.3 1 0
github.com/re-cinq/detergent/internal/engine/engine.go:636.2,639.41 2 0
github.com/re-cinq/detergent/internal/engine/engine.go:639.41,641.3 1 0
github.com/re-cinq/detergent/internal/engine/engine.go:643.2,643.18 1 0
github.com/re-cinq/detergent/internal/engine/engine.go:646.61,649.2 2 0
github.com/re-cinq/detergent/internal/engine/engine.go:657.94,659.37 2 0
github.com/re-cinq/detergent/internal/engine/engine.go:659.37,661.3 1 0
github.com/re-cinq/detergent/internal/engine/engine.go:662.2,663.73 2 0
github.com/re-cinq/detergent/internal/engine/engine.go:663.73,664.25 1 0
github.com/re-cinq/detergent/internal/engine/engine.go:664.25,666.4 1 0
github.com/re-cinq/detergent/internal/engine/engine.go:667.3,667.45 1 0
github.com/re-cinq/detergent/internal/engine/engine.go:667.45,669.4 1 0
github.com/re-cinq/detergent/internal/engine/engine.go:670.3,671.13 2 0
github.com/re-cinq/detergent/internal/engine/engine.go:673.2,673.33 1 0
github.com/re-cinq/detergent/internal/engine/engine.go:677.37,683.2 2 0
github.com/re-cinq/detergent/internal/engine/engine.go:689.37,690.48 1 0
github.com/re-cinq/detergent/internal/engine/engine.go:690.48,692.50 2 0
github.com/re-cinq/detergent/internal/engine/engine.go:692.50,694.4 1 0
github.com/re-cinq/detergent/internal/engine/engine.go:695.3,695.84 1 0
github.com/re-cinq/detergent/internal/engine/engine.go:695.84,697.4 1 0
github.com/re-cinq/detergent/internal/engine/engine.go:699.2,699.14 1 0
github.com/re-cinq/detergent/internal/engine/engine.go:704.44,713.33 3 0
github.com/re-cinq/detergent/internal/engine/engine.go:713.33,714.35 1 0
github.com/re-cinq/detergent/internal/engine/engine.go:714.35,716.4 1 0
github.com/re-cinq/detergent/internal/engine/engine.go:718.2,718.14 1 0
github.com/re-cinq/detergent/internal/engine/engine.go:723.77,725.2 1 0
github.com/re-cinq/detergent/internal/engine/engine.go:729.63,733.33 3 0
github.com/re-cinq/detergent/internal/engine/engine.go:733.33,735.3 1 0
github.com/re-cinq/detergent/internal/engine/engine.go:738.2,740.39 3 0
github.com/re-cinq/detergent/internal/engine/engine.go:740.39,741.32 1 0
github.com/re-cinq/detergent/internal/engine/engine.go:741.32,743.4 1 0
github.com/re-cinq/detergent/internal/engine/engine.go:744.3,745.26 2 0
github.com/re-cinq/detergent/internal/engine/engine.go:745.26,748.4 2 0
github.com/re-cinq/detergent/internal/engine/engine.go:749.3,751.11 3 0
github.com/re-cinq/detergent/internal/engine/engine.go:754.2,755.33 2 0
github.com/re-cinq/detergent/internal/engine/engine.go:755.33,757.19 2 0
github.com/re-cinq/detergent/internal/engine/engine.go:757.19,759.4 1 0
github.com/re-cinq/detergent/internal/engine/engine.go:763.2,764.33 2 0
github.com/re-cinq/detergent/internal/engine/engine.go:764.33,767.3 2 0
github.com/re-cinq/detergent/internal/engine/engine.go:769.2,769.15 1 0
github.com/re-cinq/detergent/internal/engine/state.go:32.38,34.2 1 0
github.com/re-cinq/detergent/internal/engine/state.go:37.56,39.2 1 0
github.com/re-cinq/detergent/internal/engine/state.go:42.60,45.24 3 0
github.com/re-cinq/detergent/internal/engine/state.go:45.24,47.3 1 0
github.com/re-cinq/detergent/internal/engine/state.go:48.2,48.16 1 0
github.com/re-cinq/detergent/internal/engine/state.go:48.16,50.3 1 0
github.com/re-cinq/detergent/internal/engine/state.go:51.2,51.45 1 0
github.com/re-cinq/detergent/internal/engine/state.go:67.39,69.2 1 0
github.com/re-cinq/detergent/internal/engine/state.go:72.57,74.2 1 0
github.com/re-cinq/detergent/internal/engine/state.go:77.76,79.48 2 0
github.com/re-cinq/detergent/internal/engine/state.go:79.48,81.3 1 0
github.com/re-cinq/detergent/internal/engine/state.go:82.2,83.16 2 0
github.com/re-cinq/detergent/internal/engine/state.go:83.16,85.3 1 0
github.com/re-cinq/detergent/internal/engine/state.go:86.2,86.71 1 0
github.com/re-cinq/detergent/internal/engine/state.go:90.70,93.24 3 0
github.com/re-cinq/detergent/internal/engine/state.go:93.24,95.3 1 0
github.com/re-cinq/detergent/internal/engine/state.go:96.2,96.16 1 0
github.com/re-cinq/detergent/internal/engine/state.go:96.16,98.3 1 0
github.com/re-cinq/detergent/internal/engine/state.go:99.2,100.54 2 0
github.com/re-cinq/detergent/internal/engine/state.go:100.54,102.3 1 0
github.com/re-cinq/detergent/internal/engine/state.go:103.2,103.21 1 0
github.com/re-cinq/detergent/internal/engine/state.go:107.26,109.2 1 0
github.com/re-cinq/detergent/internal/engine/state.go:112.39,113.15 1 0
github.com/re-cinq/detergent/internal/engine/state.go:114.63,115.14 1 0
github.com/re-cinq/detergent/internal/engine/state.go:117.2,117.14 1 0
github.com/re-cinq/detergent/internal/engine/state.go:121.35,122.14 1 0
github.com/re-cinq/detergent/internal/engine/state.go:122.14,124.3 1 0
github.com/re-cinq/detergent/internal/engine/state.go:125.2,126.16 2 0
github.com/re-cinq/detergent/internal/engine/state.go:126.16,128.3 1 0
github.com/re-cinq/detergent/internal/engine/state.go:129.2,130.19 2 0
github.com/re-cinq/detergent/internal/engine/state.go:137.65,139.36 2 0
github.com/re-cinq/detergent/internal/engine/state.go:139.36,141.34 2 0
github.com/re-cinq/detergent/internal/engine/state.go:141.34,142.12 1 0
github.com/re-cinq/detergent/internal/engine/state.go:144.3,144.35 1 0
github.com/re-cinq/detergent/internal/engine/state.go:144.35,145.12 1 0
github.com/re-cinq/detergent/internal/engine/state.go:147.3,147.95 1 0
github.com/re-cinq/detergent/internal/engine/state.go:152.59,154.48 2 0
github.com/re-cinq/detergent/internal/engine/state.go:154.48,156.3 1 0
github.com/re-cinq/detergent/internal/engine/state.go:157.2,157.83 1 0
github.com/re-cinq/detergent/internal/engine/state.go:162.101,170.2 1 0
github.com/re-cinq/detergent/internal/cli/colors.go:20.68,21.15 1 0
github.com/re-cinq/detergent/internal/cli/colors.go:22.34,23.27 1 0
github.com/re-cinq/detergent/internal/cli/colors.go:24.56,25.27 1 0
github.com/re-cinq/detergent/internal/cli/colors.go:26.26,27.24 1 0
github.com/re-cinq/detergent/internal/cli/colors.go:28.27,29.24 1 0
github.com/re-cinq/detergent/internal/cli/colors.go:30.17,31.27 1 0
github.com/re-cinq/detergent/internal/cli/colors.go:32.24,33.23 1 0
github.com/re-cinq/detergent/internal/cli/colors.go:33.23,35.4 1 0
github.com/re-cinq/detergent/internal/cli/colors.go:36.3,36.23 1 0
github.com/re-cinq/detergent/internal/cli/colors.go:37.17,38.23 1 0
github.com/re-cinq/detergent/internal/cli/colors.go:39.10,40.26 1 0
github.com/re-cinq/detergent/internal/cli/colors.go:46.67,49.2 2 0
github.com/re-cinq/detergent/internal/cli/helpers.go:15.65,17.16 2 0
github.com/re-cinq/detergent/internal/cli/helpers.go:17.16,20.3 2 0
github.com/re-cinq/detergent/internal/cli/helpers.go:22.2,23.19 2 0
github.com/re-cinq/detergent/internal/cli/helpers.go:23.19,24.26 1 0
github.com/re-cinq/detergent/internal/cli/helpers.go:24.26,26.4 1 0
github.com/re-cinq/detergent/internal/cli/helpers.go:27.3,27.62 1 0
github.com/re-cinq/detergent/internal/cli/helpers.go:30.2,30.17 1 0
github.com/re-cinq/detergent/internal/cli/helpers.go:35.75,37.16 2 0
github.com/re-cinq/detergent/internal/cli/helpers.go:37.16,39.3 1 0
github.com/re-cinq/detergent/internal/cli/helpers.go:40.2,41.16 2 0
github.com/re-cinq/detergent/internal/cli/helpers.go:41.16,43.3 1 0
github.com/re-cinq/detergent/internal/cli/helpers.go:44.2,44.26 1 0
github.com/re-cinq/detergent/internal/cli/helpers.go:48.52,50.16 2 0
github.com/re-cinq/detergent/internal/cli/helpers.go:50.16,52.3 1 0
github.com/re-cinq/detergent/internal/cli/helpers.go:53.2,54.19 2 0
github.com/re-cinq/detergent/internal/cli/helpers.go:54.19,56.3 1 0
github.com/re-cinq/detergent/internal/cli/helpers.go:57.2,57.21 1 0
github.com/re-cinq/detergent/internal/cli/helpers.go:61.37,62.46 1 0
github.com/re-cinq/detergent/internal/cli/helpers.go:62.46,65.3 2 0
github.com/re-cinq/detergent/internal/cli/helpers.go:70.62,71.6 1 0
github.com/re-cinq/detergent/internal/cli/helpers.go:71.6,72.17 1 0
github.com/re-cinq/detergent/internal/cli/helpers.go:72.17,74.4 1 0
github.com/re-cinq/detergent/internal/cli/helpers.go:75.3,76.20 2 0
github.com/re-cinq/detergent/internal/cli/helpers.go:76.20,78.4 1 0
github.com/re-cinq/detergent/internal/cli/helpers.go:79.3,79.15 1 0
github.com/re-cinq/detergent/internal/cli/helpers.go:85.56,86.51 1 0
github.com/re-cinq/detergent/internal/cli/helpers.go:86.51,87.34 1 0
github.com/re-cinq/detergent/internal/cli/helpers.go:87.34,88.61 1 0
github.com/re-cinq/detergent/internal/cli/helpers.go:88.61,90.5 1 0
github.com/re-cinq/detergent/internal/cli/helpers.go:92.3,92.15 1 0
github.com/re-cinq/detergent/internal/cli/helpers.go:94.2,94.20 1 0
github.com/re-cinq/detergent/internal/cli/helpers.go:94.20,96.3 1 0
github.com/re-cinq/detergent/internal/cli/helpers.go:98.2,98.33 1 0
github.com/re-cinq/detergent/internal/cli/helpers.go:98.33,100.39 2 0
github.com/re-cinq/detergent/internal/cli/helpers.go:100.39,102.4 1 0
github.com/re-cinq/detergent/internal/cli/helpers.go:104.2,104.11 1 0
github.com/re-cinq/detergent/internal/cli/helpers.go:108.42,112.2 3 0
github.com/re-cinq/detergent/internal/cli/init.go:15.13,17.2 1 0
github.com/re-cinq/detergent/internal/cli/init.go:29.54,31.20 2 0
github.com/re-cinq/detergent/internal/cli/init.go:31.20,33.4 1 0
github.com/re-cinq/detergent/internal/cli/init.go:35.3,36.17 2 0
github.com/re-cinq/detergent/internal/cli/init.go:36.17,38.4 1 0
github.com/re-cinq/detergent/internal/cli/init.go:41.3,41.67 1 0
github.com/re-cinq/detergent/internal/cli/init.go:41.67,43.4 1 0
github.com/re-cinq/detergent/internal/cli/init.go:45.3,46.17 2 0
github.com/re-cinq/detergent/internal/cli/init.go:46.17,48.4 1 0
github.com/re-cinq/detergent/internal/cli/init.go:49.3,49.34 1 0
github.com/re-cinq/detergent/internal/cli/init.go:49.34,51.4 1 0
github.com/re-cinq/detergent/internal/cli/init.go:53.3,53.48 1 0
github.com/re-cinq/detergent/internal/cli/init.go:53.48,55.4 1 0
github.com/re-cinq/detergent/internal/cli/init.go:56.3,59.13 3 0
github.com/re-cinq/detergent/internal/cli/init.go:64.51,67.95 2 0
github.com/re-cinq/detergent/internal/cli/init.go:67.95,68.17 1 0
github.com/re-cinq/detergent/internal/cli/init.go:68.17,70.4 1 0
github.com/re-cinq/detergent/internal/cli/init.go:73.3,75.16 2 0
github.com/re-cinq/detergent/internal/cli/init.go:75.16,77.4 1 0
github.com/re-cinq/detergent/internal/cli/init.go:79.3,80.17 2 0
github.com/re-cinq/detergent/internal/cli/init.go:80.17,82.4 1 0
github.com/re-cinq/detergent/internal/cli/init.go:84.3,84.59 1 0
github.com/re-cinq/detergent/internal/cli/init.go:84.59,86.4 1 0
github.com/re-cinq/detergent/internal/cli/init.go:88.3,89.17 2 0
github.com/re-cinq/detergent/internal/cli/init.go:89.17,91.4 1 0
github.com/re-cinq/detergent/internal/cli/init.go:92.3,93.13 2 0
github.com/re-cinq/detergent/internal/cli/init.go:96.2,96.23 1 0
github.com/re-cinq/detergent/internal/cli/init.go:100.43,102.16 2 0
github.com/re-cinq/detergent/internal/cli/init.go:102.16,105.3 1 0
github.com/re-cinq/detergent/internal/cli/init.go:107.2,110.72 2 0
github.com/re-cinq/detergent/internal/cli/init.go:110.72,112.3 1 0
github.com/re-cinq/detergent/internal/cli/init.go:115.2,116.56 2 0
github.com/re-cinq/detergent/internal/cli/init.go:116.56,117.57 1 0
github.com/re-cinq/detergent/internal/cli/init.go:117.57,119.4 1 0
github.com/re-cinq/detergent/internal/cli/init.go:123.2,128.67 2 0
github.com/re-cinq/detergent/internal/cli/init.go:128.67,130.3 1 0
github.com/re-cinq/detergent/internal/cli/init.go:131.2,131.12 1 0
github.com/re-cinq/detergent/internal/cli/logs.go:17.13,21.2 3 0
github.com/re-cinq/detergent/internal/cli/logs.go:27.54,29.17 2 0
github.com/re-cinq/detergent/internal/cli/logs.go:29.17,31.4 1 0
github.com/re-cinq/detergent/internal/cli/logs.go:33.3,36.62 2 0
github.com/re-cinq/detergent/internal/cli/logs.go:36.62,38.4 1 0
github.com/re-cinq/detergent/internal/cli/logs.go:40.3,41.53 2 0
github.com/re-cinq/detergent/internal/cli/logs.go:41.53,43.4 1 0
github.com/re-cinq/detergent/internal/cli/logs.go:46.3,47.17 2 0
github.com/re-cinq/detergent/internal/cli/logs.go:47.17,49.4 1 0
github.com/re-cinq/detergent/internal/cli/logs.go:50.3,55.23 5 0
github.com/re-cinq/detergent/internal/cli/root.go:25.13,28.2 2 0
github.com/re-cinq/detergent/internal/cli/root.go:33.47,35.3 1 0
github.com/re-cinq/detergent/internal/cli/root.go:39.22,41.2 1 0
github.com/re-cinq/detergent/internal/cli/run.go:16.13,19.2 2 0
github.com/re-cinq/detergent/internal/cli/run.go:25.54,27.17 2 0
github.com/re-cinq/detergent/internal/cli/run.go:27.17,29.4 1 0
github.com/re-cinq/detergent/internal/cli/run.go:31.3,31.14 1 0
github.com/re-cinq/detergent/internal/cli/run.go:31.14,33.4 1 0
github.com/re-cinq/detergent/internal/cli/run.go:35.3,35.33 1 0
github.com/re-cinq/detergent/internal/cli/run.go:39.58,56.69 10 0
github.com/re-cinq/detergent/internal/cli/run.go:56.69,58.3 1 0
github.com/re-cinq/detergent/internal/cli/run.go:60.2,60.6 1 0
github.com/re-cinq/detergent/internal/cli/run.go:60.6,61.10 1 0
github.com/re-cinq/detergent/internal/cli/run.go:62.21,64.14 2 0
github.com/re-cinq/detergent/internal/cli/run.go:65.23,67.12 2 0
github.com/re-cinq/detergent/internal/cli/run.go:68.19,70.71 2 0
github.com/re-cinq/detergent/internal/cli/run.go:70.71,72.5 1 0
github.com/re-cinq/detergent/internal/cli/run.go:80.89,82.16 2 0
github.com/re-cinq/detergent/internal/cli/run.go:82.16,85.3 2 0
github.com/re-cinq/detergent/internal/cli/run.go:86.2,86.52 1 0
github.com/re-cinq/detergent/internal/cli/run.go:86.52,89.3 2 0
github.com/re-cinq/detergent/internal/cli/run.go:91.2,91.64 1 0
github.com/re-cinq/detergent/internal/cli/run.go:91.64,94.3 2 0
github.com/re-cinq/detergent/internal/cli/run.go:96.2,96.15 1 0
github.com/re-cinq/detergent/internal/cli/status.go:24.13,28.2 3 0
github.com/re-cinq/detergent/internal/cli/status.go:34.54,36.17 2 0
github.com/re-cinq/detergent/internal/cli/status.go:36.17,38.4 1 0
github.com/re-cinq/detergent/internal/cli/status.go:40.3,40.19 1 0
github.com/re-cinq/detergent/internal/cli/status.go:40.19,42.4 1 0
github.com/re-cinq/detergent/internal/cli/status.go:43.3,43.34 1 0
github.com/re-cinq/detergent/internal/cli/status.go:47.61,54.6 5 0
github.com/re-cinq/detergent/internal/cli/status.go:54.6,56.64 2 0
github.com/re-cinq/detergent/internal/cli/status.go:56.64,58.4 1 0
github.com/re-cinq/detergent/internal/cli/status.go:59.3,64.12 2 0
github.com/re-cinq/detergent/internal/cli/status.go:64.12,67.4 2 0
github.com/re-cinq/detergent/internal/cli/status.go:67.9,69.4 1 0
github.com/re-cinq/detergent/internal/cli/status.go:72.3,73.24 2 0
github.com/re-cinq/detergent/internal/cli/status.go:73.24,75.4 1 0
github.com/re-cinq/detergent/internal/cli/status.go:76.3,83.10 5 0
github.com/re-cinq/detergent/internal/cli/status.go:84.16,86.14 2 0
github.com/re-cinq/detergent/internal/cli/status.go:87.31,87.31 0 0
github.com/re-cinq/detergent/internal/cli/status.go:92.59,94.2 1 0
github.com/re-cinq/detergent/internal/cli/status.go:96.89,104.33 5 0
github.com/re-cinq/detergent/internal/cli/status.go:104.33,110.20 3 0
github.com/re-cinq/detergent/internal/cli/status.go:110.20,112.80 1 0
github.com/re-cinq/detergent/internal/cli/status.go:112.80,115.13 3 0
github.com/re-cinq/detergent/internal/cli/status.go:118.4,118.24 1 0
github.com/re-cinq/detergent/internal/cli/status.go:119.36,123.13 4 0
github.com/re-cinq/detergent/internal/cli/status.go:124.34,128.13 4 0
github.com/re-cinq/detergent/internal/cli/status.go:129.32,132.13 3 0
github.com/re-cinq/detergent/internal/cli/status.go:133.28,136.13 3 0
github.com/re-cinq/detergent/internal/cli/status.go:137.29,140.13 3 0
github.com/re-cinq/detergent/internal/cli/status.go:144.3,145.17 2 0
github.com/re-cinq/detergent/internal/cli/status.go:145.17,147.4 1 0
github.com/re-cinq/detergent/internal/cli/status.go:149.3,150.17 2 0
github.com/re-cinq/detergent/internal/cli/status.go:150.17,154.12 3 0
github.com/re-cinq/detergent/internal/cli/status.go:157.3,157.21 1 0
github.com/re-cinq/detergent/internal/cli/status.go:157.21,159.4 1 0
github.com/re-cinq/detergent/internal/cli/status.go:159.9,159.30 1 0
github.com/re-cinq/detergent/internal/cli/status.go:159.30,162.4 2 0
github.com/re-cinq/detergent/internal/cli/status.go:162.9,165.4 2 0
github.com/re-cinq/detergent/internal/cli/status.go:169.2,169.41 1 0
github.com/re-cinq/detergent/internal/cli/status.go:169.41,170.39 1 0
github.com/re-cinq/detergent/internal/cli/status.go:170.39,173.18 3 0
github.com/re-cinq/detergent/internal/cli/status.go:173.18,175.5 1 0
github.com/re-cinq/detergent/internal/cli/status.go:179.2,179.12 1 0
github.com/re-cinq/detergent/internal/cli/status.go:185.47,187.16 2 0
github.com/re-cinq/detergent/internal/cli/status.go:187.16,189.3 1 0
github.com/re-cinq/detergent/internal/cli/status.go:190.2,191.19 2 0
github.com/re-cinq/detergent/internal/cli/status.go:191.19,193.3 1 0
github.com/re-cinq/detergent/internal/cli/status.go:195.2,199.29 3 0
github.com/re-cinq/detergent/internal/cli/status.go:199.29,200.49 1 0
github.com/re-cinq/detergent/internal/cli/status.go:200.49,202.4 1 0
github.com/re-cinq/detergent/internal/cli/status.go:206.2,206.28 1 0
github.com/re-cinq/detergent/internal/cli/status.go:206.28,208.3 1 0
github.com/re-cinq/detergent/internal/cli/status.go:209.2,211.20 2 0
github.com/re-cinq/detergent/internal/cli/status.go:211.20,213.3 1 0
github.com/re-cinq/detergent/internal/cli/status.go:214.2,214.41 1 0
github.com/re-cinq/detergent/internal/cli/status.go:217.32,218.19 1 0
github.com/re-cinq/detergent/internal/cli/status.go:218.19,220.3 1 0
github.com/re-cinq/detergent/internal/cli/status.go:221.2,221.13 1 0
github.com/re-cinq/detergent/internal/cli/statusline.go:16.13,19.2 2 0
github.com/re-cinq/detergent/internal/cli/statusline.go:24.54,26.17 2 0
github.com/re-cinq/detergent/internal/cli/statusline.go:26.17,28.4 1 0
github.com/re-cinq/detergent/internal/cli/statusline.go:30.3,31.16 2 0
github.com/re-cinq/detergent/internal/cli/statusline.go:31.16,33.4 1 0
github.com/re-cinq/detergent/internal/cli/statusline.go:35.3,36.23 2 0
github.com/re-cinq/detergent/internal/cli/statusline.go:36.23,38.4 1 0
github.com/re-cinq/detergent/internal/cli/statusline.go:40.3,41.17 2 0
github.com/re-cinq/detergent/internal/cli/statusline.go:41.17,43.4 1 0
github.com/re-cinq/detergent/internal/cli/statusline.go:44.3,44.50 1 0
github.com/re-cinq/detergent/internal/cli/statusline.go:44.50,46.4 1 0
github.com/re-cinq/detergent/internal/cli/statusline.go:48.3,49.20 2 0
github.com/re-cinq/detergent/internal/cli/statusline.go:49.20,51.4 1 0
github.com/re-cinq/detergent/internal/cli/statusline.go:53.3,55.21 3 0
github.com/re-cinq/detergent/internal/cli/statusline.go:55.21,57.4 1 0
github.com/re-cinq/detergent/internal/cli/statusline.go:58.3,58.13 1 0
github.com/re-cinq/detergent/internal/cli/statusline.go:71.45,73.51 2 0
github.com/re-cinq/detergent/internal/cli/statusline.go:73.51,75.3 1 0
github.com/re-cinq/detergent/internal/cli/statusline.go:76.2,76.58 1 0
github.com/re-cinq/detergent/internal/cli/statusline.go:76.58,78.3 1 0
github.com/re-cinq/detergent/internal/cli/statusline.go:79.2,79.15 1 0
github.com/re-cinq/detergent/internal/cli/statusline.go:83.45,85.2 1 0
github.com/re-cinq/detergent/internal/cli/statusline.go:87.73,91.2 3 0
github.com/re-cinq/detergent/internal/cli/statusline.go:94.71,96.6 2 0
github.com/re-cinq/detergent/internal/cli/statusline.go:96.6,98.25 2 0
github.com/re-cinq/detergent/internal/cli/statusline.go:98.25,99.9 1 0
github.com/re-cinq/detergent/internal/cli/statusline.go:101.3,101.37 1 0
github.com/re-cinq/detergent/internal/cli/statusline.go:103.2,103.14 1 0
github.com/re-cinq/detergent/internal/cli/statusline.go:107.78,112.23 5 0
github.com/re-cinq/detergent/internal/cli/statusline.go:112.23,113.34 1 0
github.com/re-cinq/detergent/internal/cli/statusline.go:113.34,115.4 1 0
github.com/re-cinq/detergent/internal/cli/statusline.go:117.2,117.15 1 0
github.com/re-cinq/detergent/internal/cli/statusline.go:120.74,122.29 2 0
github.com/re-cinq/detergent/internal/cli/statusline.go:122.29,124.3 1 0
github.com/re-cinq/detergent/internal/cli/statusline.go:125.2,125.40 1 0
github.com/re-cinq/detergent/internal/cli/statusline.go:129.48,130.29 1 0
github.com/re-cinq/detergent/internal/cli/statusline.go:130.29,132.3 1 0
github.com/re-cinq/detergent/internal/cli/statusline.go:134.2,135.34 2 0
github.com/re-cinq/detergent/internal/cli/statusline.go:135.34,137.3 1 0
github.com/re-cinq/detergent/internal/cli/statusline.go:140.2,141.34 2 0
github.com/re-cinq/detergent/internal/cli/statusline.go:141.34,143.3 1 0
github.com/re-cinq/detergent/internal/cli/statusline.go:146.2,150.31 4 0
github.com/re-cinq/detergent/internal/cli/statusline.go:150.31,152.3 1 0
github.com/re-cinq/detergent/internal/cli/statusline.go:153.2,153.34 1 0
github.com/re-cinq/detergent/internal/cli/statusline.go:153.34,154.22 1 0
github.com/re-cinq/detergent/internal/cli/statusline.go:154.22,155.48 1 0
github.com/re-cinq/detergent/internal/cli/statusline.go:155.48,157.5 1 0
github.com/re-cinq/detergent/internal/cli/statusline.go:158.4,158.67 1 0
github.com/re-cinq/detergent/internal/cli/statusline.go:162.2,163.38 2 0
github.com/re-cinq/detergent/internal/cli/statusline.go:163.38,168.32 3 0
github.com/re-cinq/detergent/internal/cli/statusline.go:168.32,170.4 1 0
github.com/re-cinq/detergent/internal/cli/statusline.go:172.3,172.21 1 0
github.com/re-cinq/detergent/internal/cli/statusline.go:172.21,174.4 1 0
github.com/re-cinq/detergent/internal/cli/statusline.go:174.9,177.33 3 0
github.com/re-cinq/detergent/internal/cli/statusline.go:177.33,179.25 2 0
github.com/re-cinq/detergent/internal/cli/statusline.go:179.25,181.6 1 0
github.com/re-cinq/detergent/internal/cli/statusline.go:182.5,182.96 1 0
github.com/re-cinq/detergent/internal/cli/statusline.go:186.3,186.30 1 0
github.com/re-cinq/detergent/internal/cli/statusline.go:186.30,188.4 1 0
github.com/re-cinq/detergent/internal/cli/statusline.go:192.2,192.64 1 0
github.com/re-cinq/detergent/internal/cli/statusline.go:192.64,195.3 2 0
github.com/re-cinq/detergent/internal/cli/statusline.go:197.2,197.20 1 0
github.com/re-cinq/detergent/internal/cli/statusline.go:202.112,203.24 1 0
github.com/re-cinq/detergent/internal/cli/statusline.go:203.24,205.3 1 0
github.com/re-cinq/detergent/internal/cli/statusline.go:208.2,209.31 2 0
github.com/re-cinq/detergent/internal/cli/statusline.go:209.31,211.3 1 0
github.com/re-cinq/detergent/internal/cli/statusline.go:212.2,213.29 2 0
github.com/re-cinq/detergent/internal/cli/statusline.go:213.29,214.25 1 0
github.com/re-cinq/detergent/internal/cli/statusline.go:214.25,216.4 1 0
github.com/re-cinq/detergent/internal/cli/statusline.go:220.2,220.25 1 0
github.com/re-cinq/detergent/internal/cli/statusline.go:220.25,222.3 1 0
github.com/re-cinq/detergent/internal/cli/statusline.go:225.2,225.29 1 0
github.com/re-cinq/detergent/internal/cli/statusline.go:225.29,226.18 1 0
github.com/re-cinq/detergent/internal/cli/statusline.go:227.116,228.13 1 0
github.com/re-cinq/detergent/internal/cli/statusline.go:233.2,233.30 1 0
github.com/re-cinq/detergent/internal/cli/statusline.go:233.30,235.3 1 0
github.com/re-cinq/detergent/internal/cli/statusline.go:237.2,237.98 1 0
github.com/re-cinq/detergent/internal/cli/statusline_data.go:13.13,15.2 1 0
github.com/re-cinq/detergent/internal/cli/statusline_data.go:22.54,24.17 2 0
github.com/re-cinq/detergent/internal/cli/statusline_data.go:24.17,26.4 1 0
github.com/re-cinq/detergent/internal/cli/statusline_data.go:28.3,28.44 1 0
github.com/re-cinq/detergent/internal/cli/statusline_data.go:60.80,67.33 5 0
github.com/re-cinq/detergent/internal/cli/statusline_data.go:67.33,69.32 1 0
github.com/re-cinq/detergent/internal/cli/statusline_data.go:69.32,71.4 1 0
github.com/re-cinq/detergent/internal/cli/statusline_data.go:74.3,81.20 3 0
github.com/re-cinq/detergent/internal/cli/statusline_data.go:81.20,88.76 5 0
github.com/re-cinq/detergent/internal/cli/statusline_data.go:88.76,91.5 2 0
github.com/re-cinq/detergent/internal/cli/statusline_data.go:92.9,94.4 1 0
github.com/re-cinq/detergent/internal/cli/statusline_data.go:97.3,98.62 2 0
github.com/re-cinq/detergent/internal/cli/statusline_data.go:98.62,100.48 2 0
github.com/re-cinq/detergent/internal/cli/statusline_data.go:100.48,102.5 1 0
github.com/re-cinq/detergent/internal/cli/statusline_data.go:106.3,106.97 1 0
github.com/re-cinq/detergent/internal/cli/statusline_data.go:106.97,108.4 1 0
github.com/re-cinq/detergent/internal/cli/statusline_data.go:111.3,111.73 1 0
github.com/re-cinq/detergent/internal/cli/statusline_data.go:111.73,113.4 1 0
github.com/re-cinq/detergent/internal/cli/statusline_data.go:115.3,115.34 1 0
github.com/re-cinq/detergent/internal/cli/statusline_data.go:119.2,121.26 3 0
github.com/re-cinq/detergent/internal/cli/statusline_data.go:121.26,123.3 1 0
github.com/re-cinq/detergent/internal/cli/statusline_data.go:124.2,125.29 2 0
github.com/re-cinq/detergent/internal/cli/statusline_data.go:125.29,126.26 1 0
github.com/re-cinq/detergent/internal/cli/statusline_data.go:126.26,128.4 1 0
github.com/re-cinq/detergent/internal/cli/statusline_data.go:130.2,130.25 1 0
github.com/re-cinq/detergent/internal/cli/statusline_data.go:130.25,133.40 3 0
github.com/re-cinq/detergent/internal/cli/statusline_data.go:133.40,134.104 1 0
github.com/re-cinq/detergent/internal/cli/statusline_data.go:134.104,136.5 1 0
github.com/re-cinq/detergent/internal/cli/statusline_data.go:140.2,145.3 1 0
github.com/re-cinq/detergent/internal/cli/statusline_data.go:148.69,151.16 3 0
github.com/re-cinq/detergent/internal/cli/statusline_data.go:151.16,153.3 1 0
github.com/re-cinq/detergent/internal/cli/statusline_data.go:154.2,155.12 2 0
github.com/re-cinq/detergent/internal/cli/validate.go:9.13,11.2 1 0
github.com/re-cinq/detergent/internal/cli/validate.go:17.54,18.62 1 0
github.com/re-cinq/detergent/internal/cli/validate.go:18.62,20.4 1 0
github.com/re-cinq/detergent/internal/cli/validate.go:22.3,23.13 2 0
github.com/re-cinq/detergent/internal/cli/viz.go:10.13,12.2 1 0
github.com/re-cinq/detergent/internal/cli/viz.go:18.54,20.17 2 0
github.com/re-cinq/detergent/internal/cli/viz.go:20.17,22.4 1 0
github.com/re-cinq/detergent/internal/cli/viz.go:24.3,25.13 2 0
github.com/re-cinq/detergent/internal/cli/viz.go:34.37,38.33 3 0
github.com/re-cinq/detergent/internal/cli/viz.go:38.33,43.3 1 0
github.com/re-cinq/detergent/internal/cli/viz.go:45.2,47.29 2 0
github.com/re-cinq/detergent/internal/cli/viz.go:47.29,50.3 2 0
github.com/re-cinq/detergent/internal/cli/viz.go:53.86,55.12 2 0
github.com/re-cinq/detergent/internal/cli/viz.go:55.12,57.3 1 0
github.com/re-cinq/detergent/internal/cli/viz.go:59.2,62.12 3 0
github.com/re-cinq/detergent/internal/cli/viz.go:62.12,64.3 1 0
github.com/re-cinq/detergent/internal/cli/viz.go:64.8,66.3 1 0
github.com/re-cinq/detergent/internal/cli/viz.go:68.2,69.37 2 0
github.com/re-cinq/detergent/internal/cli/viz.go:69.37,71.3 1 0
